{"name": "test_contact_us", "status": "failed", "statusDetails": {"message": "AssertionError: assert False", "trace": "self = <tests.TestHRM object at 0x047C55F8>\n\n    def test_contact_us(self):\n        x = datetime.now()\n        self.driver.get(\"https://smoothapps.com/\")\n        textContent = self.driver.find_element_by_xpath(\"//*[@id='et-secondary-nav']/li[1]/a\")\n        print('time test_contact_us {}'.format(datetime.now() - x))\n        if textContent.text=='ERROR':\n            assert True\n        else:\n>           assert False\nE           assert False\n\ntests.py:73: AssertionError"}, "start": 1586882288119, "stop": 1586882292779, "uuid": "0a449132-b83c-42a8-ac4e-b0cdfb3cd506", "historyId": "bd3e9f95747a153ec240119dad03be0d", "testCaseId": "39e9083f1e845958efa2deaac5e3ca68", "fullName": "tests.TestHRM#test_contact_us", "labels": [{"name": "severity", "value": "minor"}, {"name": "suite", "value": "tests"}, {"name": "subSuite", "value": "TestHRM"}, {"name": "host", "value": "DESKTOP-5N2TE77"}, {"name": "thread", "value": "5000-MainThread"}, {"name": "framework", "value": "pytest"}, {"name": "language", "value": "cpython3"}, {"name": "package", "value": "tests"}]}